<?xml version="1.0" encoding="UTF-8"?>
<testsuite xmlns:xsi="http://www.w3.org/2001/XMLSchema-instance" xsi:noNamespaceSchemaLocation="https://maven.apache.org/surefire/maven-failsafe-plugin/xsd/failsafe-test-report-3.0.xsd" version="3.0" name="ar.edu.um.products.web.rest.DistributorResourceIT" time="0.195" tests="17" errors="0" skipped="0" failures="4">
  <properties>
    <property name="sun.desktop" value="gnome"/>
    <property name="awt.toolkit" value="sun.awt.X11.XToolkit"/>
    <property name="java.specification.version" value="11"/>
    <property name="sun.cpu.isalist" value=""/>
    <property name="sun.jnu.encoding" value="UTF-8"/>
    <property name="java.class.path" value="/home/nachoc/Documentos/codigos/shopCart/products/target/test-classes:/home/nachoc/Documentos/codigos/shopCart/products/target/classes:/home/nachoc/.m2/repository/tech/jhipster/jhipster-framework/7.3.1/jhipster-framework-7.3.1.jar:/home/nachoc/.m2/repository/org/springframework/spring-context-support/5.3.10/spring-context-support-5.3.10.jar:/home/nachoc/.m2/repository/org/springframework/spring-beans/5.3.10/spring-beans-5.3.10.jar:/home/nachoc/.m2/repository/org/springframework/spring-context/5.3.10/spring-context-5.3.10.jar:/home/nachoc/.m2/repository/org/springframework/boot/spring-boot-starter-validation/2.5.5/spring-boot-starter-validation-2.5.5.jar:/home/nachoc/.m2/repository/org/springframework/boot/spring-boot-autoconfigure/2.5.5/spring-boot-autoconfigure-2.5.5.jar:/home/nachoc/.m2/repository/org/springframework/boot/spring-boot-starter-aop/2.5.5/spring-boot-starter-aop-2.5.5.jar:/home/nachoc/.m2/repository/org/aspectj/aspectjweaver/1.9.7/aspectjweaver-1.9.7.jar:/home/nachoc/.m2/repository/net/logstash/logback/logstash-logback-encoder/6.6/logstash-logback-encoder-6.6.jar:/home/nachoc/.m2/repository/javax/annotation/javax.annotation-api/1.3.2/javax.annotation-api-1.3.2.jar:/home/nachoc/.m2/repository/com/fasterxml/jackson/module/jackson-module-jaxb-annotations/2.12.5/jackson-module-jaxb-annotations-2.12.5.jar:/home/nachoc/.m2/repository/com/fasterxml/jackson/core/jackson-annotations/2.12.5/jackson-annotations-2.12.5.jar:/home/nachoc/.m2/repository/com/fasterxml/jackson/core/jackson-core/2.12.5/jackson-core-2.12.5.jar:/home/nachoc/.m2/repository/com/fasterxml/jackson/core/jackson-databind/2.12.5/jackson-databind-2.12.5.jar:/home/nachoc/.m2/repository/jakarta/xml/bind/jakarta.xml.bind-api/2.3.3/jakarta.xml.bind-api-2.3.3.jar:/home/nachoc/.m2/repository/jakarta/activation/jakarta.activation-api/1.2.2/jakarta.activation-api-1.2.2.jar:/home/nachoc/.m2/repository/com/fasterxml/jackson/datatype/jackson-datatype-hibernate5/2.12.5/jackson-datatype-hibernate5-2.12.5.jar:/home/nachoc/.m2/repository/javax/transaction/javax.transaction-api/1.3/javax.transaction-api-1.3.jar:/home/nachoc/.m2/repository/com/fasterxml/jackson/datatype/jackson-datatype-hppc/2.12.5/jackson-datatype-hppc-2.12.5.jar:/home/nachoc/.m2/repository/com/carrotsearch/hppc/0.8.1/hppc-0.8.1.jar:/home/nachoc/.m2/repository/com/fasterxml/jackson/datatype/jackson-datatype-jsr310/2.12.5/jackson-datatype-jsr310-2.12.5.jar:/home/nachoc/.m2/repository/com/h2database/h2/1.4.200/h2-1.4.200.jar:/home/nachoc/.m2/repository/io/springfox/springfox-oas/3.0.0/springfox-oas-3.0.0.jar:/home/nachoc/.m2/repository/io/swagger/core/v3/swagger-annotations/2.1.2/swagger-annotations-2.1.2.jar:/home/nachoc/.m2/repository/io/swagger/core/v3/swagger-models/2.1.2/swagger-models-2.1.2.jar:/home/nachoc/.m2/repository/io/springfox/springfox-spi/3.0.0/springfox-spi-3.0.0.jar:/home/nachoc/.m2/repository/io/springfox/springfox-schema/3.0.0/springfox-schema-3.0.0.jar:/home/nachoc/.m2/repository/io/springfox/springfox-core/3.0.0/springfox-core-3.0.0.jar:/home/nachoc/.m2/repository/io/springfox/springfox-spring-web/3.0.0/springfox-spring-web-3.0.0.jar:/home/nachoc/.m2/repository/io/github/classgraph/classgraph/4.8.83/classgraph-4.8.83.jar:/home/nachoc/.m2/repository/io/springfox/springfox-spring-webmvc/3.0.0/springfox-spring-webmvc-3.0.0.jar:/home/nachoc/.m2/repository/io/springfox/springfox-spring-webflux/3.0.0/springfox-spring-webflux-3.0.0.jar:/home/nachoc/.m2/repository/io/springfox/springfox-swagger-common/3.0.0/springfox-swagger-common-3.0.0.jar:/home/nachoc/.m2/repository/com/fasterxml/classmate/1.5.1/classmate-1.5.1.jar:/home/nachoc/.m2/repository/org/slf4j/slf4j-api/1.7.32/slf4j-api-1.7.32.jar:/home/nachoc/.m2/repository/org/springframework/plugin/spring-plugin-core/2.0.0.RELEASE/spring-plugin-core-2.0.0.RELEASE.jar:/home/nachoc/.m2/repository/org/springframework/plugin/spring-plugin-metadata/2.0.0.RELEASE/spring-plugin-metadata-2.0.0.RELEASE.jar:/home/nachoc/.m2/repository/io/springfox/springfox-swagger2/3.0.0/springfox-swagger2-3.0.0.jar:/home/nachoc/.m2/repository/io/swagger/swagger-annotations/1.5.20/swagger-annotations-1.5.20.jar:/home/nachoc/.m2/repository/io/swagger/swagger-models/1.5.20/swagger-models-1.5.20.jar:/home/nachoc/.m2/repository/io/springfox/springfox-bean-validators/3.0.0/springfox-bean-validators-3.0.0.jar:/home/nachoc/.m2/repository/com/zaxxer/HikariCP/4.0.3/HikariCP-4.0.3.jar:/home/nachoc/.m2/repository/org/apache/commons/commons-lang3/3.12.0/commons-lang3-3.12.0.jar:/home/nachoc/.m2/repository/org/testcontainers/mysql/1.16.0/mysql-1.16.0.jar:/home/nachoc/.m2/repository/org/testcontainers/jdbc/1.16.0/jdbc-1.16.0.jar:/home/nachoc/.m2/repository/org/testcontainers/database-commons/1.16.0/database-commons-1.16.0.jar:/home/nachoc/.m2/repository/org/testcontainers/testcontainers/1.16.0/testcontainers-1.16.0.jar:/home/nachoc/.m2/repository/junit/junit/4.13.2/junit-4.13.2.jar:/home/nachoc/.m2/repository/org/hamcrest/hamcrest-core/2.2/hamcrest-core-2.2.jar:/home/nachoc/.m2/repository/org/rnorth/duct-tape/duct-tape/1.0.8/duct-tape-1.0.8.jar:/home/nachoc/.m2/repository/com/github/docker-java/docker-java-api/3.2.11/docker-java-api-3.2.11.jar:/home/nachoc/.m2/repository/com/github/docker-java/docker-java-transport-zerodep/3.2.11/docker-java-transport-zerodep-3.2.11.jar:/home/nachoc/.m2/repository/com/github/docker-java/docker-java-transport/3.2.11/docker-java-transport-3.2.11.jar:/home/nachoc/.m2/repository/net/java/dev/jna/jna/5.8.0/jna-5.8.0.jar:/home/nachoc/.m2/repository/mysql/mysql-connector-java/8.0.26/mysql-connector-java-8.0.26.jar:/home/nachoc/.m2/repository/com/google/protobuf/protobuf-java/3.11.4/protobuf-java-3.11.4.jar:/home/nachoc/.m2/repository/org/hibernate/hibernate-jpamodelgen/5.4.32.Final/hibernate-jpamodelgen-5.4.32.Final.jar:/home/nachoc/.m2/repository/org/jboss/logging/jboss-logging/3.4.2.Final/jboss-logging-3.4.2.Final.jar:/home/nachoc/.m2/repository/javax/xml/bind/jaxb-api/2.3.1/jaxb-api-2.3.1.jar:/home/nachoc/.m2/repository/org/glassfish/jaxb/jaxb-runtime/2.3.5/jaxb-runtime-2.3.5.jar:/home/nachoc/.m2/repository/org/glassfish/jaxb/txw2/2.3.5/txw2-2.3.5.jar:/home/nachoc/.m2/repository/com/sun/istack/istack-commons-runtime/3.0.12/istack-commons-runtime-3.0.12.jar:/home/nachoc/.m2/repository/com/sun/activation/jakarta.activation/1.2.2/jakarta.activation-1.2.2.jar:/home/nachoc/.m2/repository/org/hibernate/hibernate-core/5.4.32.Final/hibernate-core-5.4.32.Final.jar:/home/nachoc/.m2/repository/org/javassist/javassist/3.27.0-GA/javassist-3.27.0-GA.jar:/home/nachoc/.m2/repository/net/bytebuddy/byte-buddy/1.10.22/byte-buddy-1.10.22.jar:/home/nachoc/.m2/repository/antlr/antlr/2.7.7/antlr-2.7.7.jar:/home/nachoc/.m2/repository/org/jboss/spec/javax/transaction/jboss-transaction-api_1.2_spec/1.1.1.Final/jboss-transaction-api_1.2_spec-1.1.1.Final.jar:/home/nachoc/.m2/repository/org/jboss/jandex/2.2.3.Final/jandex-2.2.3.Final.jar:/home/nachoc/.m2/repository/javax/activation/javax.activation-api/1.2.0/javax.activation-api-1.2.0.jar:/home/nachoc/.m2/repository/org/dom4j/dom4j/2.1.3/dom4j-2.1.3.jar:/home/nachoc/.m2/repository/org/hibernate/common/hibernate-commons-annotations/5.1.2.Final/hibernate-commons-annotations-5.1.2.Final.jar:/home/nachoc/.m2/repository/org/hibernate/validator/hibernate-validator/6.2.0.Final/hibernate-validator-6.2.0.Final.jar:/home/nachoc/.m2/repository/jakarta/validation/jakarta.validation-api/2.0.2/jakarta.validation-api-2.0.2.jar:/home/nachoc/.m2/repository/org/liquibase/liquibase-core/4.5.0/liquibase-core-4.5.0.jar:/home/nachoc/.m2/repository/org/mapstruct/mapstruct/1.4.2.Final/mapstruct-1.4.2.Final.jar:/home/nachoc/.m2/repository/org/mapstruct/mapstruct-processor/1.4.2.Final/mapstruct-processor-1.4.2.Final.jar:/home/nachoc/.m2/repository/org/springframework/boot/spring-boot-configuration-processor/2.5.5/spring-boot-configuration-processor-2.5.5.jar:/home/nachoc/.m2/repository/org/springframework/boot/spring-boot-loader-tools/2.5.5/spring-boot-loader-tools-2.5.5.jar:/home/nachoc/.m2/repository/org/apache/commons/commons-compress/1.20/commons-compress-1.20.jar:/home/nachoc/.m2/repository/org/springframework/spring-core/5.3.10/spring-core-5.3.10.jar:/home/nachoc/.m2/repository/org/springframework/spring-jcl/5.3.10/spring-jcl-5.3.10.jar:/home/nachoc/.m2/repository/org/springframework/boot/spring-boot-starter-actuator/2.5.5/spring-boot-starter-actuator-2.5.5.jar:/home/nachoc/.m2/repository/org/springframework/boot/spring-boot-starter/2.5.5/spring-boot-starter-2.5.5.jar:/home/nachoc/.m2/repository/jakarta/annotation/jakarta.annotation-api/1.3.5/jakarta.annotation-api-1.3.5.jar:/home/nachoc/.m2/repository/org/yaml/snakeyaml/1.28/snakeyaml-1.28.jar:/home/nachoc/.m2/repository/org/springframework/boot/spring-boot-actuator-autoconfigure/2.5.5/spring-boot-actuator-autoconfigure-2.5.5.jar:/home/nachoc/.m2/repository/org/springframework/boot/spring-boot-actuator/2.5.5/spring-boot-actuator-2.5.5.jar:/home/nachoc/.m2/repository/io/micrometer/micrometer-core/1.7.4/micrometer-core-1.7.4.jar:/home/nachoc/.m2/repository/org/hdrhistogram/HdrHistogram/2.1.12/HdrHistogram-2.1.12.jar:/home/nachoc/.m2/repository/org/latencyutils/LatencyUtils/2.0.3/LatencyUtils-2.0.3.jar:/home/nachoc/.m2/repository/org/springframework/boot/spring-boot-starter-data-jpa/2.5.5/spring-boot-starter-data-jpa-2.5.5.jar:/home/nachoc/.m2/repository/org/springframework/boot/spring-boot-starter-jdbc/2.5.5/spring-boot-starter-jdbc-2.5.5.jar:/home/nachoc/.m2/repository/org/springframework/spring-jdbc/5.3.10/spring-jdbc-5.3.10.jar:/home/nachoc/.m2/repository/jakarta/transaction/jakarta.transaction-api/1.3.3/jakarta.transaction-api-1.3.3.jar:/home/nachoc/.m2/repository/jakarta/persistence/jakarta.persistence-api/2.2.3/jakarta.persistence-api-2.2.3.jar:/home/nachoc/.m2/repository/org/springframework/data/spring-data-jpa/2.5.5/spring-data-jpa-2.5.5.jar:/home/nachoc/.m2/repository/org/springframework/spring-orm/5.3.10/spring-orm-5.3.10.jar:/home/nachoc/.m2/repository/org/springframework/spring-tx/5.3.10/spring-tx-5.3.10.jar:/home/nachoc/.m2/repository/org/springframework/spring-aspects/5.3.10/spring-aspects-5.3.10.jar:/home/nachoc/.m2/repository/org/springframework/boot/spring-boot-starter-logging/2.5.5/spring-boot-starter-logging-2.5.5.jar:/home/nachoc/.m2/repository/ch/qos/logback/logback-classic/1.2.6/logback-classic-1.2.6.jar:/home/nachoc/.m2/repository/ch/qos/logback/logback-core/1.2.6/logback-core-1.2.6.jar:/home/nachoc/.m2/repository/org/apache/logging/log4j/log4j-to-slf4j/2.14.1/log4j-to-slf4j-2.14.1.jar:/home/nachoc/.m2/repository/org/apache/logging/log4j/log4j-api/2.14.1/log4j-api-2.14.1.jar:/home/nachoc/.m2/repository/org/slf4j/jul-to-slf4j/1.7.32/jul-to-slf4j-1.7.32.jar:/home/nachoc/.m2/repository/org/springframework/boot/spring-boot-starter-mail/2.5.5/spring-boot-starter-mail-2.5.5.jar:/home/nachoc/.m2/repository/com/sun/mail/jakarta.mail/1.6.7/jakarta.mail-1.6.7.jar:/home/nachoc/.m2/repository/org/springframework/boot/spring-boot-starter-security/2.5.5/spring-boot-starter-security-2.5.5.jar:/home/nachoc/.m2/repository/org/springframework/spring-aop/5.3.10/spring-aop-5.3.10.jar:/home/nachoc/.m2/repository/org/springframework/security/spring-security-config/5.5.2/spring-security-config-5.5.2.jar:/home/nachoc/.m2/repository/org/springframework/security/spring-security-web/5.5.2/spring-security-web-5.5.2.jar:/home/nachoc/.m2/repository/org/springframework/spring-expression/5.3.10/spring-expression-5.3.10.jar:/home/nachoc/.m2/repository/org/springframework/boot/spring-boot-starter-thymeleaf/2.5.5/spring-boot-starter-thymeleaf-2.5.5.jar:/home/nachoc/.m2/repository/org/thymeleaf/thymeleaf-spring5/3.0.12.RELEASE/thymeleaf-spring5-3.0.12.RELEASE.jar:/home/nachoc/.m2/repository/org/thymeleaf/thymeleaf/3.0.12.RELEASE/thymeleaf-3.0.12.RELEASE.jar:/home/nachoc/.m2/repository/org/attoparser/attoparser/2.0.5.RELEASE/attoparser-2.0.5.RELEASE.jar:/home/nachoc/.m2/repository/org/unbescape/unbescape/1.1.6.RELEASE/unbescape-1.1.6.RELEASE.jar:/home/nachoc/.m2/repository/org/thymeleaf/extras/thymeleaf-extras-java8time/3.0.4.RELEASE/thymeleaf-extras-java8time-3.0.4.RELEASE.jar:/home/nachoc/.m2/repository/org/springframework/boot/spring-boot-starter-web/2.5.5/spring-boot-starter-web-2.5.5.jar:/home/nachoc/.m2/repository/org/springframework/boot/spring-boot-starter-json/2.5.5/spring-boot-starter-json-2.5.5.jar:/home/nachoc/.m2/repository/com/fasterxml/jackson/datatype/jackson-datatype-jdk8/2.12.5/jackson-datatype-jdk8-2.12.5.jar:/home/nachoc/.m2/repository/com/fasterxml/jackson/module/jackson-module-parameter-names/2.12.5/jackson-module-parameter-names-2.12.5.jar:/home/nachoc/.m2/repository/org/springframework/spring-web/5.3.10/spring-web-5.3.10.jar:/home/nachoc/.m2/repository/org/springframework/spring-webmvc/5.3.10/spring-webmvc-5.3.10.jar:/home/nachoc/.m2/repository/org/springframework/boot/spring-boot-starter-test/2.5.5/spring-boot-starter-test-2.5.5.jar:/home/nachoc/.m2/repository/org/springframework/boot/spring-boot-test-autoconfigure/2.5.5/spring-boot-test-autoconfigure-2.5.5.jar:/home/nachoc/.m2/repository/com/jayway/jsonpath/json-path/2.5.0/json-path-2.5.0.jar:/home/nachoc/.m2/repository/net/minidev/json-smart/2.4.7/json-smart-2.4.7.jar:/home/nachoc/.m2/repository/net/minidev/accessors-smart/2.4.7/accessors-smart-2.4.7.jar:/home/nachoc/.m2/repository/org/ow2/asm/asm/9.1/asm-9.1.jar:/home/nachoc/.m2/repository/org/assertj/assertj-core/3.19.0/assertj-core-3.19.0.jar:/home/nachoc/.m2/repository/org/hamcrest/hamcrest/2.2/hamcrest-2.2.jar:/home/nachoc/.m2/repository/org/junit/jupiter/junit-jupiter/5.7.2/junit-jupiter-5.7.2.jar:/home/nachoc/.m2/repository/org/junit/jupiter/junit-jupiter-api/5.7.2/junit-jupiter-api-5.7.2.jar:/home/nachoc/.m2/repository/org/opentest4j/opentest4j/1.2.0/opentest4j-1.2.0.jar:/home/nachoc/.m2/repository/org/junit/platform/junit-platform-commons/1.7.2/junit-platform-commons-1.7.2.jar:/home/nachoc/.m2/repository/org/junit/jupiter/junit-jupiter-params/5.7.2/junit-jupiter-params-5.7.2.jar:/home/nachoc/.m2/repository/org/junit/jupiter/junit-jupiter-engine/5.7.2/junit-jupiter-engine-5.7.2.jar:/home/nachoc/.m2/repository/org/mockito/mockito-core/3.9.0/mockito-core-3.9.0.jar:/home/nachoc/.m2/repository/net/bytebuddy/byte-buddy-agent/1.10.22/byte-buddy-agent-1.10.22.jar:/home/nachoc/.m2/repository/org/objenesis/objenesis/3.2/objenesis-3.2.jar:/home/nachoc/.m2/repository/org/mockito/mockito-junit-jupiter/3.9.0/mockito-junit-jupiter-3.9.0.jar:/home/nachoc/.m2/repository/org/skyscreamer/jsonassert/1.5.0/jsonassert-1.5.0.jar:/home/nachoc/.m2/repository/org/springframework/spring-test/5.3.10/spring-test-5.3.10.jar:/home/nachoc/.m2/repository/org/xmlunit/xmlunit-core/2.8.2/xmlunit-core-2.8.2.jar:/home/nachoc/.m2/repository/org/springframework/boot/spring-boot-test/2.5.5/spring-boot-test-2.5.5.jar:/home/nachoc/.m2/repository/org/springframework/boot/spring-boot/2.5.5/spring-boot-2.5.5.jar:/home/nachoc/.m2/repository/org/springframework/security/spring-security-test/5.5.2/spring-security-test-5.5.2.jar:/home/nachoc/.m2/repository/org/springframework/security/spring-security-core/5.5.2/spring-security-core-5.5.2.jar:/home/nachoc/.m2/repository/org/springframework/security/spring-security-crypto/5.5.2/spring-security-crypto-5.5.2.jar:/home/nachoc/.m2/repository/com/tngtech/archunit/archunit-junit5-api/0.21.0/archunit-junit5-api-0.21.0.jar:/home/nachoc/.m2/repository/com/tngtech/archunit/archunit/0.21.0/archunit-0.21.0.jar:/home/nachoc/.m2/repository/com/tngtech/archunit/archunit-junit5-engine/0.21.0/archunit-junit5-engine-0.21.0.jar:/home/nachoc/.m2/repository/com/tngtech/archunit/archunit-junit5-engine-api/0.21.0/archunit-junit5-engine-api-0.21.0.jar:/home/nachoc/.m2/repository/org/junit/platform/junit-platform-engine/1.7.2/junit-platform-engine-1.7.2.jar:/home/nachoc/.m2/repository/org/zalando/problem-spring-web/0.27.0/problem-spring-web-0.27.0.jar:/home/nachoc/.m2/repository/org/zalando/problem-violations/0.27.0/problem-violations-0.27.0.jar:/home/nachoc/.m2/repository/org/zalando/problem-spring-common/0.27.0/problem-spring-common-0.27.0.jar:/home/nachoc/.m2/repository/org/apiguardian/apiguardian-api/1.1.2/apiguardian-api-1.1.2.jar:/home/nachoc/.m2/repository/com/google/code/findbugs/jsr305/3.0.2/jsr305-3.0.2.jar:/home/nachoc/.m2/repository/org/zalando/problem/0.26.0/problem-0.26.0.jar:/home/nachoc/.m2/repository/org/zalando/jackson-datatype-problem/0.26.0/jackson-datatype-problem-0.26.0.jar:/home/nachoc/.m2/repository/org/zalando/faux-pas/0.9.0/faux-pas-0.9.0.jar:/home/nachoc/.m2/repository/javax/validation/validation-api/2.0.1.Final/validation-api-2.0.1.Final.jar:/home/nachoc/.m2/repository/io/jsonwebtoken/jjwt-api/0.11.2/jjwt-api-0.11.2.jar:/home/nachoc/.m2/repository/io/jsonwebtoken/jjwt-impl/0.11.2/jjwt-impl-0.11.2.jar:/home/nachoc/.m2/repository/io/jsonwebtoken/jjwt-jackson/0.11.2/jjwt-jackson-0.11.2.jar:/home/nachoc/.m2/repository/org/springframework/cloud/spring-cloud-starter-bootstrap/3.0.4/spring-cloud-starter-bootstrap-3.0.4.jar:/home/nachoc/.m2/repository/org/springframework/cloud/spring-cloud-starter/3.0.4/spring-cloud-starter-3.0.4.jar:/home/nachoc/.m2/repository/org/springframework/cloud/spring-cloud-context/3.0.4/spring-cloud-context-3.0.4.jar:/home/nachoc/.m2/repository/org/springframework/cloud/spring-cloud-commons/3.0.4/spring-cloud-commons-3.0.4.jar:/home/nachoc/.m2/repository/org/springframework/security/spring-security-rsa/1.0.10.RELEASE/spring-security-rsa-1.0.10.RELEASE.jar:/home/nachoc/.m2/repository/org/bouncycastle/bcpkix-jdk15on/1.68/bcpkix-jdk15on-1.68.jar:/home/nachoc/.m2/repository/org/bouncycastle/bcprov-jdk15on/1.68/bcprov-jdk15on-1.68.jar:/home/nachoc/.m2/repository/org/springframework/security/spring-security-data/5.5.2/spring-security-data-5.5.2.jar:/home/nachoc/.m2/repository/org/springframework/data/spring-data-commons/2.5.5/spring-data-commons-2.5.5.jar:/home/nachoc/.m2/repository/io/micrometer/micrometer-registry-prometheus/1.7.4/micrometer-registry-prometheus-1.7.4.jar:/home/nachoc/.m2/repository/io/prometheus/simpleclient_common/0.10.0/simpleclient_common-0.10.0.jar:/home/nachoc/.m2/repository/io/prometheus/simpleclient/0.12.0/simpleclient-0.12.0.jar:/home/nachoc/.m2/repository/io/prometheus/simpleclient_tracer_otel/0.12.0/simpleclient_tracer_otel-0.12.0.jar:/home/nachoc/.m2/repository/io/prometheus/simpleclient_tracer_common/0.12.0/simpleclient_tracer_common-0.12.0.jar:/home/nachoc/.m2/repository/io/prometheus/simpleclient_tracer_otel_agent/0.12.0/simpleclient_tracer_otel_agent-0.12.0.jar:/home/nachoc/.m2/repository/io/dropwizard/metrics/metrics-core/4.1.25/metrics-core-4.1.25.jar:/home/nachoc/.m2/repository/javax/persistence/javax.persistence-api/2.2/javax.persistence-api-2.2.jar:/home/nachoc/.m2/repository/org/springframework/boot/spring-boot-starter-undertow/2.5.5/spring-boot-starter-undertow-2.5.5.jar:/home/nachoc/.m2/repository/io/undertow/undertow-core/2.2.10.Final/undertow-core-2.2.10.Final.jar:/home/nachoc/.m2/repository/org/jboss/xnio/xnio-api/3.8.4.Final/xnio-api-3.8.4.Final.jar:/home/nachoc/.m2/repository/org/wildfly/common/wildfly-common/1.5.2.Final/wildfly-common-1.5.2.Final.jar:/home/nachoc/.m2/repository/org/wildfly/client/wildfly-client-config/1.0.1.Final/wildfly-client-config-1.0.1.Final.jar:/home/nachoc/.m2/repository/org/jboss/xnio/xnio-nio/3.8.4.Final/xnio-nio-3.8.4.Final.jar:/home/nachoc/.m2/repository/org/jboss/threads/jboss-threads/3.1.0.Final/jboss-threads-3.1.0.Final.jar:/home/nachoc/.m2/repository/io/undertow/undertow-servlet/2.2.10.Final/undertow-servlet-2.2.10.Final.jar:/home/nachoc/.m2/repository/org/jboss/spec/javax/annotation/jboss-annotations-api_1.3_spec/2.0.1.Final/jboss-annotations-api_1.3_spec-2.0.1.Final.jar:/home/nachoc/.m2/repository/io/undertow/undertow-websockets-jsr/2.2.10.Final/undertow-websockets-jsr-2.2.10.Final.jar:/home/nachoc/.m2/repository/org/jboss/spec/javax/websocket/jboss-websocket-api_1.1_spec/2.0.0.Final/jboss-websocket-api_1.1_spec-2.0.0.Final.jar:/home/nachoc/.m2/repository/jakarta/servlet/jakarta.servlet-api/4.0.4/jakarta.servlet-api-4.0.4.jar:/home/nachoc/.m2/repository/org/apache/tomcat/embed/tomcat-embed-el/9.0.53/tomcat-embed-el-9.0.53.jar:"/>
    <property name="git.branch" value="feature/products-crud"/>
    <property name="java.vm.vendor" value="Ubuntu"/>
    <property name="sun.arch.data.model" value="64"/>
    <property name="java.vendor.url" value="https://ubuntu.com/"/>
    <property name="user.timezone" value="America/Argentina/Buenos_Aires"/>
    <property name="java.vm.specification.version" value="11"/>
    <property name="os.name" value="Linux"/>
    <property name="sun.java.launcher" value="SUN_STANDARD"/>
    <property name="user.country" value="AR"/>
    <property name="sun.boot.library.path" value="/usr/lib/jvm/java-11-openjdk-amd64/lib"/>
    <property name="sun.java.command" value="/home/nachoc/Documentos/codigos/shopCart/products/target/surefire/surefirebooter10467243801581653013.jar /home/nachoc/Documentos/codigos/shopCart/products/target/surefire 2021-11-03T01-06-07_918-jvmRun1 surefire14340498679821572816tmp surefire_012284250701745603098tmp"/>
    <property name="jdk.debug" value="release"/>
    <property name="surefire.test.class.path" value="/home/nachoc/Documentos/codigos/shopCart/products/target/test-classes:/home/nachoc/Documentos/codigos/shopCart/products/target/classes:/home/nachoc/.m2/repository/tech/jhipster/jhipster-framework/7.3.1/jhipster-framework-7.3.1.jar:/home/nachoc/.m2/repository/org/springframework/spring-context-support/5.3.10/spring-context-support-5.3.10.jar:/home/nachoc/.m2/repository/org/springframework/spring-beans/5.3.10/spring-beans-5.3.10.jar:/home/nachoc/.m2/repository/org/springframework/spring-context/5.3.10/spring-context-5.3.10.jar:/home/nachoc/.m2/repository/org/springframework/boot/spring-boot-starter-validation/2.5.5/spring-boot-starter-validation-2.5.5.jar:/home/nachoc/.m2/repository/org/springframework/boot/spring-boot-autoconfigure/2.5.5/spring-boot-autoconfigure-2.5.5.jar:/home/nachoc/.m2/repository/org/springframework/boot/spring-boot-starter-aop/2.5.5/spring-boot-starter-aop-2.5.5.jar:/home/nachoc/.m2/repository/org/aspectj/aspectjweaver/1.9.7/aspectjweaver-1.9.7.jar:/home/nachoc/.m2/repository/net/logstash/logback/logstash-logback-encoder/6.6/logstash-logback-encoder-6.6.jar:/home/nachoc/.m2/repository/javax/annotation/javax.annotation-api/1.3.2/javax.annotation-api-1.3.2.jar:/home/nachoc/.m2/repository/com/fasterxml/jackson/module/jackson-module-jaxb-annotations/2.12.5/jackson-module-jaxb-annotations-2.12.5.jar:/home/nachoc/.m2/repository/com/fasterxml/jackson/core/jackson-annotations/2.12.5/jackson-annotations-2.12.5.jar:/home/nachoc/.m2/repository/com/fasterxml/jackson/core/jackson-core/2.12.5/jackson-core-2.12.5.jar:/home/nachoc/.m2/repository/com/fasterxml/jackson/core/jackson-databind/2.12.5/jackson-databind-2.12.5.jar:/home/nachoc/.m2/repository/jakarta/xml/bind/jakarta.xml.bind-api/2.3.3/jakarta.xml.bind-api-2.3.3.jar:/home/nachoc/.m2/repository/jakarta/activation/jakarta.activation-api/1.2.2/jakarta.activation-api-1.2.2.jar:/home/nachoc/.m2/repository/com/fasterxml/jackson/datatype/jackson-datatype-hibernate5/2.12.5/jackson-datatype-hibernate5-2.12.5.jar:/home/nachoc/.m2/repository/javax/transaction/javax.transaction-api/1.3/javax.transaction-api-1.3.jar:/home/nachoc/.m2/repository/com/fasterxml/jackson/datatype/jackson-datatype-hppc/2.12.5/jackson-datatype-hppc-2.12.5.jar:/home/nachoc/.m2/repository/com/carrotsearch/hppc/0.8.1/hppc-0.8.1.jar:/home/nachoc/.m2/repository/com/fasterxml/jackson/datatype/jackson-datatype-jsr310/2.12.5/jackson-datatype-jsr310-2.12.5.jar:/home/nachoc/.m2/repository/com/h2database/h2/1.4.200/h2-1.4.200.jar:/home/nachoc/.m2/repository/io/springfox/springfox-oas/3.0.0/springfox-oas-3.0.0.jar:/home/nachoc/.m2/repository/io/swagger/core/v3/swagger-annotations/2.1.2/swagger-annotations-2.1.2.jar:/home/nachoc/.m2/repository/io/swagger/core/v3/swagger-models/2.1.2/swagger-models-2.1.2.jar:/home/nachoc/.m2/repository/io/springfox/springfox-spi/3.0.0/springfox-spi-3.0.0.jar:/home/nachoc/.m2/repository/io/springfox/springfox-schema/3.0.0/springfox-schema-3.0.0.jar:/home/nachoc/.m2/repository/io/springfox/springfox-core/3.0.0/springfox-core-3.0.0.jar:/home/nachoc/.m2/repository/io/springfox/springfox-spring-web/3.0.0/springfox-spring-web-3.0.0.jar:/home/nachoc/.m2/repository/io/github/classgraph/classgraph/4.8.83/classgraph-4.8.83.jar:/home/nachoc/.m2/repository/io/springfox/springfox-spring-webmvc/3.0.0/springfox-spring-webmvc-3.0.0.jar:/home/nachoc/.m2/repository/io/springfox/springfox-spring-webflux/3.0.0/springfox-spring-webflux-3.0.0.jar:/home/nachoc/.m2/repository/io/springfox/springfox-swagger-common/3.0.0/springfox-swagger-common-3.0.0.jar:/home/nachoc/.m2/repository/com/fasterxml/classmate/1.5.1/classmate-1.5.1.jar:/home/nachoc/.m2/repository/org/slf4j/slf4j-api/1.7.32/slf4j-api-1.7.32.jar:/home/nachoc/.m2/repository/org/springframework/plugin/spring-plugin-core/2.0.0.RELEASE/spring-plugin-core-2.0.0.RELEASE.jar:/home/nachoc/.m2/repository/org/springframework/plugin/spring-plugin-metadata/2.0.0.RELEASE/spring-plugin-metadata-2.0.0.RELEASE.jar:/home/nachoc/.m2/repository/io/springfox/springfox-swagger2/3.0.0/springfox-swagger2-3.0.0.jar:/home/nachoc/.m2/repository/io/swagger/swagger-annotations/1.5.20/swagger-annotations-1.5.20.jar:/home/nachoc/.m2/repository/io/swagger/swagger-models/1.5.20/swagger-models-1.5.20.jar:/home/nachoc/.m2/repository/io/springfox/springfox-bean-validators/3.0.0/springfox-bean-validators-3.0.0.jar:/home/nachoc/.m2/repository/com/zaxxer/HikariCP/4.0.3/HikariCP-4.0.3.jar:/home/nachoc/.m2/repository/org/apache/commons/commons-lang3/3.12.0/commons-lang3-3.12.0.jar:/home/nachoc/.m2/repository/org/testcontainers/mysql/1.16.0/mysql-1.16.0.jar:/home/nachoc/.m2/repository/org/testcontainers/jdbc/1.16.0/jdbc-1.16.0.jar:/home/nachoc/.m2/repository/org/testcontainers/database-commons/1.16.0/database-commons-1.16.0.jar:/home/nachoc/.m2/repository/org/testcontainers/testcontainers/1.16.0/testcontainers-1.16.0.jar:/home/nachoc/.m2/repository/junit/junit/4.13.2/junit-4.13.2.jar:/home/nachoc/.m2/repository/org/hamcrest/hamcrest-core/2.2/hamcrest-core-2.2.jar:/home/nachoc/.m2/repository/org/rnorth/duct-tape/duct-tape/1.0.8/duct-tape-1.0.8.jar:/home/nachoc/.m2/repository/com/github/docker-java/docker-java-api/3.2.11/docker-java-api-3.2.11.jar:/home/nachoc/.m2/repository/com/github/docker-java/docker-java-transport-zerodep/3.2.11/docker-java-transport-zerodep-3.2.11.jar:/home/nachoc/.m2/repository/com/github/docker-java/docker-java-transport/3.2.11/docker-java-transport-3.2.11.jar:/home/nachoc/.m2/repository/net/java/dev/jna/jna/5.8.0/jna-5.8.0.jar:/home/nachoc/.m2/repository/mysql/mysql-connector-java/8.0.26/mysql-connector-java-8.0.26.jar:/home/nachoc/.m2/repository/com/google/protobuf/protobuf-java/3.11.4/protobuf-java-3.11.4.jar:/home/nachoc/.m2/repository/org/hibernate/hibernate-jpamodelgen/5.4.32.Final/hibernate-jpamodelgen-5.4.32.Final.jar:/home/nachoc/.m2/repository/org/jboss/logging/jboss-logging/3.4.2.Final/jboss-logging-3.4.2.Final.jar:/home/nachoc/.m2/repository/javax/xml/bind/jaxb-api/2.3.1/jaxb-api-2.3.1.jar:/home/nachoc/.m2/repository/org/glassfish/jaxb/jaxb-runtime/2.3.5/jaxb-runtime-2.3.5.jar:/home/nachoc/.m2/repository/org/glassfish/jaxb/txw2/2.3.5/txw2-2.3.5.jar:/home/nachoc/.m2/repository/com/sun/istack/istack-commons-runtime/3.0.12/istack-commons-runtime-3.0.12.jar:/home/nachoc/.m2/repository/com/sun/activation/jakarta.activation/1.2.2/jakarta.activation-1.2.2.jar:/home/nachoc/.m2/repository/org/hibernate/hibernate-core/5.4.32.Final/hibernate-core-5.4.32.Final.jar:/home/nachoc/.m2/repository/org/javassist/javassist/3.27.0-GA/javassist-3.27.0-GA.jar:/home/nachoc/.m2/repository/net/bytebuddy/byte-buddy/1.10.22/byte-buddy-1.10.22.jar:/home/nachoc/.m2/repository/antlr/antlr/2.7.7/antlr-2.7.7.jar:/home/nachoc/.m2/repository/org/jboss/spec/javax/transaction/jboss-transaction-api_1.2_spec/1.1.1.Final/jboss-transaction-api_1.2_spec-1.1.1.Final.jar:/home/nachoc/.m2/repository/org/jboss/jandex/2.2.3.Final/jandex-2.2.3.Final.jar:/home/nachoc/.m2/repository/javax/activation/javax.activation-api/1.2.0/javax.activation-api-1.2.0.jar:/home/nachoc/.m2/repository/org/dom4j/dom4j/2.1.3/dom4j-2.1.3.jar:/home/nachoc/.m2/repository/org/hibernate/common/hibernate-commons-annotations/5.1.2.Final/hibernate-commons-annotations-5.1.2.Final.jar:/home/nachoc/.m2/repository/org/hibernate/validator/hibernate-validator/6.2.0.Final/hibernate-validator-6.2.0.Final.jar:/home/nachoc/.m2/repository/jakarta/validation/jakarta.validation-api/2.0.2/jakarta.validation-api-2.0.2.jar:/home/nachoc/.m2/repository/org/liquibase/liquibase-core/4.5.0/liquibase-core-4.5.0.jar:/home/nachoc/.m2/repository/org/mapstruct/mapstruct/1.4.2.Final/mapstruct-1.4.2.Final.jar:/home/nachoc/.m2/repository/org/mapstruct/mapstruct-processor/1.4.2.Final/mapstruct-processor-1.4.2.Final.jar:/home/nachoc/.m2/repository/org/springframework/boot/spring-boot-configuration-processor/2.5.5/spring-boot-configuration-processor-2.5.5.jar:/home/nachoc/.m2/repository/org/springframework/boot/spring-boot-loader-tools/2.5.5/spring-boot-loader-tools-2.5.5.jar:/home/nachoc/.m2/repository/org/apache/commons/commons-compress/1.20/commons-compress-1.20.jar:/home/nachoc/.m2/repository/org/springframework/spring-core/5.3.10/spring-core-5.3.10.jar:/home/nachoc/.m2/repository/org/springframework/spring-jcl/5.3.10/spring-jcl-5.3.10.jar:/home/nachoc/.m2/repository/org/springframework/boot/spring-boot-starter-actuator/2.5.5/spring-boot-starter-actuator-2.5.5.jar:/home/nachoc/.m2/repository/org/springframework/boot/spring-boot-starter/2.5.5/spring-boot-starter-2.5.5.jar:/home/nachoc/.m2/repository/jakarta/annotation/jakarta.annotation-api/1.3.5/jakarta.annotation-api-1.3.5.jar:/home/nachoc/.m2/repository/org/yaml/snakeyaml/1.28/snakeyaml-1.28.jar:/home/nachoc/.m2/repository/org/springframework/boot/spring-boot-actuator-autoconfigure/2.5.5/spring-boot-actuator-autoconfigure-2.5.5.jar:/home/nachoc/.m2/repository/org/springframework/boot/spring-boot-actuator/2.5.5/spring-boot-actuator-2.5.5.jar:/home/nachoc/.m2/repository/io/micrometer/micrometer-core/1.7.4/micrometer-core-1.7.4.jar:/home/nachoc/.m2/repository/org/hdrhistogram/HdrHistogram/2.1.12/HdrHistogram-2.1.12.jar:/home/nachoc/.m2/repository/org/latencyutils/LatencyUtils/2.0.3/LatencyUtils-2.0.3.jar:/home/nachoc/.m2/repository/org/springframework/boot/spring-boot-starter-data-jpa/2.5.5/spring-boot-starter-data-jpa-2.5.5.jar:/home/nachoc/.m2/repository/org/springframework/boot/spring-boot-starter-jdbc/2.5.5/spring-boot-starter-jdbc-2.5.5.jar:/home/nachoc/.m2/repository/org/springframework/spring-jdbc/5.3.10/spring-jdbc-5.3.10.jar:/home/nachoc/.m2/repository/jakarta/transaction/jakarta.transaction-api/1.3.3/jakarta.transaction-api-1.3.3.jar:/home/nachoc/.m2/repository/jakarta/persistence/jakarta.persistence-api/2.2.3/jakarta.persistence-api-2.2.3.jar:/home/nachoc/.m2/repository/org/springframework/data/spring-data-jpa/2.5.5/spring-data-jpa-2.5.5.jar:/home/nachoc/.m2/repository/org/springframework/spring-orm/5.3.10/spring-orm-5.3.10.jar:/home/nachoc/.m2/repository/org/springframework/spring-tx/5.3.10/spring-tx-5.3.10.jar:/home/nachoc/.m2/repository/org/springframework/spring-aspects/5.3.10/spring-aspects-5.3.10.jar:/home/nachoc/.m2/repository/org/springframework/boot/spring-boot-starter-logging/2.5.5/spring-boot-starter-logging-2.5.5.jar:/home/nachoc/.m2/repository/ch/qos/logback/logback-classic/1.2.6/logback-classic-1.2.6.jar:/home/nachoc/.m2/repository/ch/qos/logback/logback-core/1.2.6/logback-core-1.2.6.jar:/home/nachoc/.m2/repository/org/apache/logging/log4j/log4j-to-slf4j/2.14.1/log4j-to-slf4j-2.14.1.jar:/home/nachoc/.m2/repository/org/apache/logging/log4j/log4j-api/2.14.1/log4j-api-2.14.1.jar:/home/nachoc/.m2/repository/org/slf4j/jul-to-slf4j/1.7.32/jul-to-slf4j-1.7.32.jar:/home/nachoc/.m2/repository/org/springframework/boot/spring-boot-starter-mail/2.5.5/spring-boot-starter-mail-2.5.5.jar:/home/nachoc/.m2/repository/com/sun/mail/jakarta.mail/1.6.7/jakarta.mail-1.6.7.jar:/home/nachoc/.m2/repository/org/springframework/boot/spring-boot-starter-security/2.5.5/spring-boot-starter-security-2.5.5.jar:/home/nachoc/.m2/repository/org/springframework/spring-aop/5.3.10/spring-aop-5.3.10.jar:/home/nachoc/.m2/repository/org/springframework/security/spring-security-config/5.5.2/spring-security-config-5.5.2.jar:/home/nachoc/.m2/repository/org/springframework/security/spring-security-web/5.5.2/spring-security-web-5.5.2.jar:/home/nachoc/.m2/repository/org/springframework/spring-expression/5.3.10/spring-expression-5.3.10.jar:/home/nachoc/.m2/repository/org/springframework/boot/spring-boot-starter-thymeleaf/2.5.5/spring-boot-starter-thymeleaf-2.5.5.jar:/home/nachoc/.m2/repository/org/thymeleaf/thymeleaf-spring5/3.0.12.RELEASE/thymeleaf-spring5-3.0.12.RELEASE.jar:/home/nachoc/.m2/repository/org/thymeleaf/thymeleaf/3.0.12.RELEASE/thymeleaf-3.0.12.RELEASE.jar:/home/nachoc/.m2/repository/org/attoparser/attoparser/2.0.5.RELEASE/attoparser-2.0.5.RELEASE.jar:/home/nachoc/.m2/repository/org/unbescape/unbescape/1.1.6.RELEASE/unbescape-1.1.6.RELEASE.jar:/home/nachoc/.m2/repository/org/thymeleaf/extras/thymeleaf-extras-java8time/3.0.4.RELEASE/thymeleaf-extras-java8time-3.0.4.RELEASE.jar:/home/nachoc/.m2/repository/org/springframework/boot/spring-boot-starter-web/2.5.5/spring-boot-starter-web-2.5.5.jar:/home/nachoc/.m2/repository/org/springframework/boot/spring-boot-starter-json/2.5.5/spring-boot-starter-json-2.5.5.jar:/home/nachoc/.m2/repository/com/fasterxml/jackson/datatype/jackson-datatype-jdk8/2.12.5/jackson-datatype-jdk8-2.12.5.jar:/home/nachoc/.m2/repository/com/fasterxml/jackson/module/jackson-module-parameter-names/2.12.5/jackson-module-parameter-names-2.12.5.jar:/home/nachoc/.m2/repository/org/springframework/spring-web/5.3.10/spring-web-5.3.10.jar:/home/nachoc/.m2/repository/org/springframework/spring-webmvc/5.3.10/spring-webmvc-5.3.10.jar:/home/nachoc/.m2/repository/org/springframework/boot/spring-boot-starter-test/2.5.5/spring-boot-starter-test-2.5.5.jar:/home/nachoc/.m2/repository/org/springframework/boot/spring-boot-test-autoconfigure/2.5.5/spring-boot-test-autoconfigure-2.5.5.jar:/home/nachoc/.m2/repository/com/jayway/jsonpath/json-path/2.5.0/json-path-2.5.0.jar:/home/nachoc/.m2/repository/net/minidev/json-smart/2.4.7/json-smart-2.4.7.jar:/home/nachoc/.m2/repository/net/minidev/accessors-smart/2.4.7/accessors-smart-2.4.7.jar:/home/nachoc/.m2/repository/org/ow2/asm/asm/9.1/asm-9.1.jar:/home/nachoc/.m2/repository/org/assertj/assertj-core/3.19.0/assertj-core-3.19.0.jar:/home/nachoc/.m2/repository/org/hamcrest/hamcrest/2.2/hamcrest-2.2.jar:/home/nachoc/.m2/repository/org/junit/jupiter/junit-jupiter/5.7.2/junit-jupiter-5.7.2.jar:/home/nachoc/.m2/repository/org/junit/jupiter/junit-jupiter-api/5.7.2/junit-jupiter-api-5.7.2.jar:/home/nachoc/.m2/repository/org/opentest4j/opentest4j/1.2.0/opentest4j-1.2.0.jar:/home/nachoc/.m2/repository/org/junit/platform/junit-platform-commons/1.7.2/junit-platform-commons-1.7.2.jar:/home/nachoc/.m2/repository/org/junit/jupiter/junit-jupiter-params/5.7.2/junit-jupiter-params-5.7.2.jar:/home/nachoc/.m2/repository/org/junit/jupiter/junit-jupiter-engine/5.7.2/junit-jupiter-engine-5.7.2.jar:/home/nachoc/.m2/repository/org/mockito/mockito-core/3.9.0/mockito-core-3.9.0.jar:/home/nachoc/.m2/repository/net/bytebuddy/byte-buddy-agent/1.10.22/byte-buddy-agent-1.10.22.jar:/home/nachoc/.m2/repository/org/objenesis/objenesis/3.2/objenesis-3.2.jar:/home/nachoc/.m2/repository/org/mockito/mockito-junit-jupiter/3.9.0/mockito-junit-jupiter-3.9.0.jar:/home/nachoc/.m2/repository/org/skyscreamer/jsonassert/1.5.0/jsonassert-1.5.0.jar:/home/nachoc/.m2/repository/org/springframework/spring-test/5.3.10/spring-test-5.3.10.jar:/home/nachoc/.m2/repository/org/xmlunit/xmlunit-core/2.8.2/xmlunit-core-2.8.2.jar:/home/nachoc/.m2/repository/org/springframework/boot/spring-boot-test/2.5.5/spring-boot-test-2.5.5.jar:/home/nachoc/.m2/repository/org/springframework/boot/spring-boot/2.5.5/spring-boot-2.5.5.jar:/home/nachoc/.m2/repository/org/springframework/security/spring-security-test/5.5.2/spring-security-test-5.5.2.jar:/home/nachoc/.m2/repository/org/springframework/security/spring-security-core/5.5.2/spring-security-core-5.5.2.jar:/home/nachoc/.m2/repository/org/springframework/security/spring-security-crypto/5.5.2/spring-security-crypto-5.5.2.jar:/home/nachoc/.m2/repository/com/tngtech/archunit/archunit-junit5-api/0.21.0/archunit-junit5-api-0.21.0.jar:/home/nachoc/.m2/repository/com/tngtech/archunit/archunit/0.21.0/archunit-0.21.0.jar:/home/nachoc/.m2/repository/com/tngtech/archunit/archunit-junit5-engine/0.21.0/archunit-junit5-engine-0.21.0.jar:/home/nachoc/.m2/repository/com/tngtech/archunit/archunit-junit5-engine-api/0.21.0/archunit-junit5-engine-api-0.21.0.jar:/home/nachoc/.m2/repository/org/junit/platform/junit-platform-engine/1.7.2/junit-platform-engine-1.7.2.jar:/home/nachoc/.m2/repository/org/zalando/problem-spring-web/0.27.0/problem-spring-web-0.27.0.jar:/home/nachoc/.m2/repository/org/zalando/problem-violations/0.27.0/problem-violations-0.27.0.jar:/home/nachoc/.m2/repository/org/zalando/problem-spring-common/0.27.0/problem-spring-common-0.27.0.jar:/home/nachoc/.m2/repository/org/apiguardian/apiguardian-api/1.1.2/apiguardian-api-1.1.2.jar:/home/nachoc/.m2/repository/com/google/code/findbugs/jsr305/3.0.2/jsr305-3.0.2.jar:/home/nachoc/.m2/repository/org/zalando/problem/0.26.0/problem-0.26.0.jar:/home/nachoc/.m2/repository/org/zalando/jackson-datatype-problem/0.26.0/jackson-datatype-problem-0.26.0.jar:/home/nachoc/.m2/repository/org/zalando/faux-pas/0.9.0/faux-pas-0.9.0.jar:/home/nachoc/.m2/repository/javax/validation/validation-api/2.0.1.Final/validation-api-2.0.1.Final.jar:/home/nachoc/.m2/repository/io/jsonwebtoken/jjwt-api/0.11.2/jjwt-api-0.11.2.jar:/home/nachoc/.m2/repository/io/jsonwebtoken/jjwt-impl/0.11.2/jjwt-impl-0.11.2.jar:/home/nachoc/.m2/repository/io/jsonwebtoken/jjwt-jackson/0.11.2/jjwt-jackson-0.11.2.jar:/home/nachoc/.m2/repository/org/springframework/cloud/spring-cloud-starter-bootstrap/3.0.4/spring-cloud-starter-bootstrap-3.0.4.jar:/home/nachoc/.m2/repository/org/springframework/cloud/spring-cloud-starter/3.0.4/spring-cloud-starter-3.0.4.jar:/home/nachoc/.m2/repository/org/springframework/cloud/spring-cloud-context/3.0.4/spring-cloud-context-3.0.4.jar:/home/nachoc/.m2/repository/org/springframework/cloud/spring-cloud-commons/3.0.4/spring-cloud-commons-3.0.4.jar:/home/nachoc/.m2/repository/org/springframework/security/spring-security-rsa/1.0.10.RELEASE/spring-security-rsa-1.0.10.RELEASE.jar:/home/nachoc/.m2/repository/org/bouncycastle/bcpkix-jdk15on/1.68/bcpkix-jdk15on-1.68.jar:/home/nachoc/.m2/repository/org/bouncycastle/bcprov-jdk15on/1.68/bcprov-jdk15on-1.68.jar:/home/nachoc/.m2/repository/org/springframework/security/spring-security-data/5.5.2/spring-security-data-5.5.2.jar:/home/nachoc/.m2/repository/org/springframework/data/spring-data-commons/2.5.5/spring-data-commons-2.5.5.jar:/home/nachoc/.m2/repository/io/micrometer/micrometer-registry-prometheus/1.7.4/micrometer-registry-prometheus-1.7.4.jar:/home/nachoc/.m2/repository/io/prometheus/simpleclient_common/0.10.0/simpleclient_common-0.10.0.jar:/home/nachoc/.m2/repository/io/prometheus/simpleclient/0.12.0/simpleclient-0.12.0.jar:/home/nachoc/.m2/repository/io/prometheus/simpleclient_tracer_otel/0.12.0/simpleclient_tracer_otel-0.12.0.jar:/home/nachoc/.m2/repository/io/prometheus/simpleclient_tracer_common/0.12.0/simpleclient_tracer_common-0.12.0.jar:/home/nachoc/.m2/repository/io/prometheus/simpleclient_tracer_otel_agent/0.12.0/simpleclient_tracer_otel_agent-0.12.0.jar:/home/nachoc/.m2/repository/io/dropwizard/metrics/metrics-core/4.1.25/metrics-core-4.1.25.jar:/home/nachoc/.m2/repository/javax/persistence/javax.persistence-api/2.2/javax.persistence-api-2.2.jar:/home/nachoc/.m2/repository/org/springframework/boot/spring-boot-starter-undertow/2.5.5/spring-boot-starter-undertow-2.5.5.jar:/home/nachoc/.m2/repository/io/undertow/undertow-core/2.2.10.Final/undertow-core-2.2.10.Final.jar:/home/nachoc/.m2/repository/org/jboss/xnio/xnio-api/3.8.4.Final/xnio-api-3.8.4.Final.jar:/home/nachoc/.m2/repository/org/wildfly/common/wildfly-common/1.5.2.Final/wildfly-common-1.5.2.Final.jar:/home/nachoc/.m2/repository/org/wildfly/client/wildfly-client-config/1.0.1.Final/wildfly-client-config-1.0.1.Final.jar:/home/nachoc/.m2/repository/org/jboss/xnio/xnio-nio/3.8.4.Final/xnio-nio-3.8.4.Final.jar:/home/nachoc/.m2/repository/org/jboss/threads/jboss-threads/3.1.0.Final/jboss-threads-3.1.0.Final.jar:/home/nachoc/.m2/repository/io/undertow/undertow-servlet/2.2.10.Final/undertow-servlet-2.2.10.Final.jar:/home/nachoc/.m2/repository/org/jboss/spec/javax/annotation/jboss-annotations-api_1.3_spec/2.0.1.Final/jboss-annotations-api_1.3_spec-2.0.1.Final.jar:/home/nachoc/.m2/repository/io/undertow/undertow-websockets-jsr/2.2.10.Final/undertow-websockets-jsr-2.2.10.Final.jar:/home/nachoc/.m2/repository/org/jboss/spec/javax/websocket/jboss-websocket-api_1.1_spec/2.0.0.Final/jboss-websocket-api_1.1_spec-2.0.0.Final.jar:/home/nachoc/.m2/repository/jakarta/servlet/jakarta.servlet-api/4.0.4/jakarta.servlet-api-4.0.4.jar:/home/nachoc/.m2/repository/org/apache/tomcat/embed/tomcat-embed-el/9.0.53/tomcat-embed-el-9.0.53.jar:"/>
    <property name="sun.cpu.endian" value="little"/>
    <property name="user.home" value="/home/nachoc"/>
    <property name="user.language" value="es"/>
    <property name="java.specification.vendor" value="Oracle Corporation"/>
    <property name="java.version.date" value="2021-04-20"/>
    <property name="java.home" value="/usr/lib/jvm/java-11-openjdk-amd64"/>
    <property name="file.separator" value="/"/>
    <property name="basedir" value="/home/nachoc/Documentos/codigos/shopCart/products"/>
    <property name="java.vm.compressedOopsMode" value="32-bit"/>
    <property name="line.separator" value="&#10;"/>
    <property name="java.specification.name" value="Java Platform API Specification"/>
    <property name="java.vm.specification.vendor" value="Oracle Corporation"/>
    <property name="FILE_LOG_CHARSET" value="UTF-8"/>
    <property name="java.awt.graphicsenv" value="sun.awt.X11GraphicsEnvironment"/>
    <property name="java.awt.headless" value="true"/>
    <property name="surefire.real.class.path" value="/home/nachoc/Documentos/codigos/shopCart/products/target/surefire/surefirebooter10467243801581653013.jar"/>
    <property name="sun.management.compiler" value="HotSpot 64-Bit Tiered Compilers"/>
    <property name="java.runtime.version" value="11.0.11+9-Ubuntu-0ubuntu2.20.04"/>
    <property name="user.name" value="nachoc"/>
    <property name="path.separator" value=":"/>
    <property name="java.security.egd" value="file:/dev/./urandom"/>
    <property name="os.version" value="5.11.0-38-generic"/>
    <property name="java.runtime.name" value="OpenJDK Runtime Environment"/>
    <property name="file.encoding" value="UTF-8"/>
    <property name="spring.beaninfo.ignore" value="true"/>
    <property name="java.vm.name" value="OpenJDK 64-Bit Server VM"/>
    <property name="localRepository" value="/home/nachoc/.m2/repository"/>
    <property name="java.vendor.url.bug" value="https://bugs.launchpad.net/ubuntu/+source/openjdk-lts"/>
    <property name="java.io.tmpdir" value="/tmp"/>
    <property name="com.zaxxer.hikari.pool_number" value="3"/>
    <property name="java.version" value="11.0.11"/>
    <property name="user.dir" value="/home/nachoc/Documentos/codigos/shopCart/products"/>
    <property name="os.arch" value="amd64"/>
    <property name="git.commit.id.abbrev" value="9a7584f"/>
    <property name="java.vm.specification.name" value="Java Virtual Machine Specification"/>
    <property name="PID" value="6250"/>
    <property name="java.awt.printerjob" value="sun.print.PSPrinterJob"/>
    <property name="sun.os.patch.level" value="unknown"/>
    <property name="CONSOLE_LOG_CHARSET" value="UTF-8"/>
    <property name="git.commit.id.describe" value="9a7584f-dirty"/>
    <property name="java.library.path" value="/usr/java/packages/lib:/usr/lib/x86_64-linux-gnu/jni:/lib/x86_64-linux-gnu:/usr/lib/x86_64-linux-gnu:/usr/lib/jni:/lib:/usr/lib"/>
    <property name="java.vm.info" value="mixed mode, sharing"/>
    <property name="java.vendor" value="Ubuntu"/>
    <property name="java.vm.version" value="11.0.11+9-Ubuntu-0ubuntu2.20.04"/>
    <property name="sun.io.unicode.encoding" value="UnicodeLittle"/>
    <property name="java.class.version" value="55.0"/>
  </properties>
  <testcase name="getAllDistributors" classname="ar.edu.um.products.web.rest.DistributorResourceIT" time="0.023">
    <failure type="java.lang.AssertionError"><![CDATA[java.lang.AssertionError: 
JSON path "$.[*].isEnabled"
Expected: a collection containing <false>
     but: was empty
	at ar.edu.um.products.web.rest.DistributorResourceIT.getAllDistributors(DistributorResourceIT.java:186)
]]></failure>
    <system-out><![CDATA[
MockHttpServletRequest:
      HTTP Method = GET
      Request URI = /api/distributors
       Parameters = {sort=[id,desc]}
          Headers = []
             Body = null
    Session Attrs = {}

Handler:
             Type = ar.edu.um.products.web.rest.DistributorResource
           Method = ar.edu.um.products.web.rest.DistributorResource#getAllDistributors()

Async:
    Async started = false
     Async result = null

Resolved Exception:
             Type = null

ModelAndView:
        View name = null
             View = null
            Model = null

FlashMap:
       Attributes = null

MockHttpServletResponse:
           Status = 200
    Error message = null
          Headers = [Vary:"Origin", "Access-Control-Request-Method", "Access-Control-Request-Headers", Content-Type:"application/json", X-Content-Type-Options:"nosniff", X-XSS-Protection:"1; mode=block", Cache-Control:"no-cache, no-store, max-age=0, must-revalidate", Pragma:"no-cache", Expires:"0", X-Frame-Options:"DENY", Content-Security-Policy:"default-src 'self'; frame-src 'self' data:; script-src 'self' 'unsafe-inline' 'unsafe-eval' https://storage.googleapis.com; style-src 'self' 'unsafe-inline'; img-src 'self' data:; font-src 'self' data:", Referrer-Policy:"strict-origin-when-cross-origin", Permissions-Policy:"camera=(), fullscreen=(self), geolocation=(), gyroscope=(), magnetometer=(), microphone=(), midi=(), payment=(), sync-xhr=()"]
     Content type = application/json
             Body = [{"id":1,"name":"AAAAAAAAAA","description":"AAAAAAAAAA"}]
    Forwarded URL = null
   Redirected URL = null
          Cookies = []
]]></system-out>
  </testcase>
  <testcase name="partialUpdateDistributorWithPatch" classname="ar.edu.um.products.web.rest.DistributorResourceIT" time="0.02"/>
  <testcase name="patchWithMissingIdPathParamDistributor" classname="ar.edu.um.products.web.rest.DistributorResourceIT" time="0.01">
    <system-out><![CDATA[2021-11-03 01:06:23.020  WARN 6250 --- [           main] o.z.problem.spring.common.AdviceTraits   : Method Not Allowed: Request method 'PATCH' not supported
]]></system-out>
  </testcase>
  <testcase name="patchWithIdMismatchDistributor" classname="ar.edu.um.products.web.rest.DistributorResourceIT" time="0.01">
    <system-out><![CDATA[2021-11-03 01:06:23.028 ERROR 6250 --- [           main] tech.jhipster.web.util.HeaderUtil        : Entity processing failed, Invalid ID
2021-11-03 01:06:23.029  WARN 6250 --- [           main] o.z.problem.spring.common.AdviceTraits   : Bad Request: Invalid ID
]]></system-out>
  </testcase>
  <testcase name="getNonExistingDistributor" classname="ar.edu.um.products.web.rest.DistributorResourceIT" time="0.009">
    <system-out><![CDATA[2021-11-03 01:06:23.041  WARN 6250 --- [           main] o.z.problem.spring.common.AdviceTraits   : Not Found: 404 NOT_FOUND
]]></system-out>
  </testcase>
  <testcase name="fullUpdateDistributorWithPatch" classname="ar.edu.um.products.web.rest.DistributorResourceIT" time="0.01"/>
  <testcase name="patchNonExistingDistributor" classname="ar.edu.um.products.web.rest.DistributorResourceIT" time="0.008">
    <system-out><![CDATA[2021-11-03 01:06:23.059 ERROR 6250 --- [           main] tech.jhipster.web.util.HeaderUtil        : Entity processing failed, Entity not found
2021-11-03 01:06:23.060  WARN 6250 --- [           main] o.z.problem.spring.common.AdviceTraits   : Bad Request: Entity not found
]]></system-out>
  </testcase>
  <testcase name="putWithMissingIdPathParamDistributor" classname="ar.edu.um.products.web.rest.DistributorResourceIT" time="0.007">
    <system-out><![CDATA[2021-11-03 01:06:23.067  WARN 6250 --- [           main] o.z.problem.spring.common.AdviceTraits   : Method Not Allowed: Request method 'PUT' not supported
]]></system-out>
  </testcase>
  <testcase name="createDistributorWithExistingId" classname="ar.edu.um.products.web.rest.DistributorResourceIT" time="0.012">
    <system-out><![CDATA[2021-11-03 01:06:23.078  WARN 6250 --- [           main] o.z.problem.spring.common.AdviceTraits   : Bad Request: Validation failed for argument [0] in public org.springframework.http.ResponseEntity<ar.edu.um.products.service.dto.DistributorDTO> ar.edu.um.products.web.rest.DistributorResource.createDistributor(ar.edu.um.products.service.dto.DistributorDTO) throws java.net.URISyntaxException: [Field error in object 'distributorDTO' on field 'isEnabled': rejected value [null]; codes [NotNull.distributorDTO.isEnabled,NotNull.isEnabled,NotNull.java.lang.Boolean,NotNull]; arguments [org.springframework.context.support.DefaultMessageSourceResolvable: codes [distributorDTO.isEnabled,isEnabled]; arguments []; default message [isEnabled]]; default message [isEnabled must be a valid boolean]] 
]]></system-out>
  </testcase>
  <testcase name="getDistributor" classname="ar.edu.um.products.web.rest.DistributorResourceIT" time="0.008">
    <failure type="java.lang.AssertionError"><![CDATA[java.lang.AssertionError: No value at JSON path "$.isEnabled"
	at ar.edu.um.products.web.rest.DistributorResourceIT.getDistributor(DistributorResourceIT.java:203)
Caused by: com.jayway.jsonpath.PathNotFoundException: No results for path: $['isEnabled']
	at ar.edu.um.products.web.rest.DistributorResourceIT.getDistributor(DistributorResourceIT.java:203)
]]></failure>
    <system-out><![CDATA[
MockHttpServletRequest:
      HTTP Method = GET
      Request URI = /api/distributors/4
       Parameters = {}
          Headers = []
             Body = null
    Session Attrs = {}

Handler:
             Type = ar.edu.um.products.web.rest.DistributorResource
           Method = ar.edu.um.products.web.rest.DistributorResource#getDistributor(Long)

Async:
    Async started = false
     Async result = null

Resolved Exception:
             Type = null

ModelAndView:
        View name = null
             View = null
            Model = null

FlashMap:
       Attributes = null

MockHttpServletResponse:
           Status = 200
    Error message = null
          Headers = [Vary:"Origin", "Access-Control-Request-Method", "Access-Control-Request-Headers", Content-Type:"application/json", X-Content-Type-Options:"nosniff", X-XSS-Protection:"1; mode=block", Cache-Control:"no-cache, no-store, max-age=0, must-revalidate", Pragma:"no-cache", Expires:"0", X-Frame-Options:"DENY", Content-Security-Policy:"default-src 'self'; frame-src 'self' data:; script-src 'self' 'unsafe-inline' 'unsafe-eval' https://storage.googleapis.com; style-src 'self' 'unsafe-inline'; img-src 'self' data:; font-src 'self' data:", Referrer-Policy:"strict-origin-when-cross-origin", Permissions-Policy:"camera=(), fullscreen=(self), geolocation=(), gyroscope=(), magnetometer=(), microphone=(), midi=(), payment=(), sync-xhr=()"]
     Content type = application/json
             Body = {"id":4,"name":"AAAAAAAAAA","description":"AAAAAAAAAA"}
    Forwarded URL = null
   Redirected URL = null
          Cookies = []
]]></system-out>
  </testcase>
  <testcase name="putNonExistingDistributor" classname="ar.edu.um.products.web.rest.DistributorResourceIT" time="0.008">
    <system-out><![CDATA[2021-11-03 01:06:23.096  WARN 6250 --- [           main] o.z.problem.spring.common.AdviceTraits   : Bad Request: Validation failed for argument [1] in public org.springframework.http.ResponseEntity<ar.edu.um.products.service.dto.DistributorDTO> ar.edu.um.products.web.rest.DistributorResource.updateDistributor(java.lang.Long,ar.edu.um.products.service.dto.DistributorDTO) throws java.net.URISyntaxException: [Field error in object 'distributorDTO' on field 'isEnabled': rejected value [null]; codes [NotNull.distributorDTO.isEnabled,NotNull.isEnabled,NotNull.java.lang.Boolean,NotNull]; arguments [org.springframework.context.support.DefaultMessageSourceResolvable: codes [distributorDTO.isEnabled,isEnabled]; arguments []; default message [isEnabled]]; default message [isEnabled must be a valid boolean]] 
]]></system-out>
  </testcase>
  <testcase name="putWithIdMismatchDistributor" classname="ar.edu.um.products.web.rest.DistributorResourceIT" time="0.007">
    <system-out><![CDATA[2021-11-03 01:06:23.105  WARN 6250 --- [           main] o.z.problem.spring.common.AdviceTraits   : Bad Request: Validation failed for argument [1] in public org.springframework.http.ResponseEntity<ar.edu.um.products.service.dto.DistributorDTO> ar.edu.um.products.web.rest.DistributorResource.updateDistributor(java.lang.Long,ar.edu.um.products.service.dto.DistributorDTO) throws java.net.URISyntaxException: [Field error in object 'distributorDTO' on field 'isEnabled': rejected value [null]; codes [NotNull.distributorDTO.isEnabled,NotNull.isEnabled,NotNull.java.lang.Boolean,NotNull]; arguments [org.springframework.context.support.DefaultMessageSourceResolvable: codes [distributorDTO.isEnabled,isEnabled]; arguments []; default message [isEnabled]]; default message [isEnabled must be a valid boolean]] 
]]></system-out>
  </testcase>
  <testcase name="putNewDistributor" classname="ar.edu.um.products.web.rest.DistributorResourceIT" time="0.01">
    <failure type="java.lang.AssertionError"><![CDATA[java.lang.AssertionError: Status expected:<200> but was:<400>
	at ar.edu.um.products.web.rest.DistributorResourceIT.putNewDistributor(DistributorResourceIT.java:234)
]]></failure>
    <system-out><![CDATA[2021-11-03 01:06:23.116  WARN 6250 --- [           main] o.z.problem.spring.common.AdviceTraits   : Bad Request: Validation failed for argument [1] in public org.springframework.http.ResponseEntity<ar.edu.um.products.service.dto.DistributorDTO> ar.edu.um.products.web.rest.DistributorResource.updateDistributor(java.lang.Long,ar.edu.um.products.service.dto.DistributorDTO) throws java.net.URISyntaxException: [Field error in object 'distributorDTO' on field 'isEnabled': rejected value [null]; codes [NotNull.distributorDTO.isEnabled,NotNull.isEnabled,NotNull.java.lang.Boolean,NotNull]; arguments [org.springframework.context.support.DefaultMessageSourceResolvable: codes [distributorDTO.isEnabled,isEnabled]; arguments []; default message [isEnabled]]; default message [isEnabled must be a valid boolean]] 

MockHttpServletRequest:
      HTTP Method = PUT
      Request URI = /api/distributors/5
       Parameters = {}
          Headers = [Content-Type:"application/json;charset=UTF-8", Content-Length:"55"]
             Body = {"id":5,"name":"BBBBBBBBBB","description":"BBBBBBBBBB"}
    Session Attrs = {}

Handler:
             Type = ar.edu.um.products.web.rest.DistributorResource
           Method = ar.edu.um.products.web.rest.DistributorResource#updateDistributor(Long, DistributorDTO)

Async:
    Async started = false
     Async result = null

Resolved Exception:
             Type = org.springframework.web.bind.MethodArgumentNotValidException

ModelAndView:
        View name = null
             View = null
            Model = null

FlashMap:
       Attributes = null

MockHttpServletResponse:
           Status = 400
    Error message = null
          Headers = [Vary:"Origin", "Access-Control-Request-Method", "Access-Control-Request-Headers", Content-Type:"application/problem+json", X-Content-Type-Options:"nosniff", X-XSS-Protection:"1; mode=block", Cache-Control:"no-cache, no-store, max-age=0, must-revalidate", Pragma:"no-cache", Expires:"0", X-Frame-Options:"DENY", Content-Security-Policy:"default-src 'self'; frame-src 'self' data:; script-src 'self' 'unsafe-inline' 'unsafe-eval' https://storage.googleapis.com; style-src 'self' 'unsafe-inline'; img-src 'self' data:; font-src 'self' data:", Referrer-Policy:"strict-origin-when-cross-origin", Permissions-Policy:"camera=(), fullscreen=(self), geolocation=(), gyroscope=(), magnetometer=(), microphone=(), midi=(), payment=(), sync-xhr=()"]
     Content type = application/problem+json
             Body = {"type":"https://www.jhipster.tech/problem/constraint-violation","title":"Method argument not valid","status":400,"path":"/api/distributors/5","message":"error.validation","fieldErrors":[{"objectName":"distributor","field":"isEnabled","message":"isEnabled must be a valid boolean"}]}
    Forwarded URL = null
   Redirected URL = null
          Cookies = []
]]></system-out>
  </testcase>
  <testcase name="deleteDistributor" classname="ar.edu.um.products.web.rest.DistributorResourceIT" time="0.01"/>
  <testcase name="checkNameIsRequired" classname="ar.edu.um.products.web.rest.DistributorResourceIT" time="0.006">
    <system-out><![CDATA[2021-11-03 01:06:23.133  WARN 6250 --- [           main] o.z.problem.spring.common.AdviceTraits   : Bad Request: Validation failed for argument [0] in public org.springframework.http.ResponseEntity<ar.edu.um.products.service.dto.DistributorDTO> ar.edu.um.products.web.rest.DistributorResource.createDistributor(ar.edu.um.products.service.dto.DistributorDTO) throws java.net.URISyntaxException with 2 errors: [Field error in object 'distributorDTO' on field 'name': rejected value [null]; codes [NotBlank.distributorDTO.name,NotBlank.name,NotBlank.java.lang.String,NotBlank]; arguments [org.springframework.context.support.DefaultMessageSourceResolvable: codes [distributorDTO.name,name]; arguments []; default message [name]]; default message [product name cannot be empty]] [Field error in object 'distributorDTO' on field 'isEnabled': rejected value [null]; codes [NotNull.distributorDTO.isEnabled,NotNull.isEnabled,NotNull.java.lang.Boolean,NotNull]; arguments [org.springframework.context.support.DefaultMessageSourceResolvable: codes [distributorDTO.isEnabled,isEnabled]; arguments []; default message [isEnabled]]; default message [isEnabled must be a valid boolean]] 
]]></system-out>
  </testcase>
  <testcase name="createDistributor" classname="ar.edu.um.products.web.rest.DistributorResourceIT" time="0.009">
    <failure type="java.lang.AssertionError"><![CDATA[java.lang.AssertionError: Status expected:<201> but was:<400>
	at ar.edu.um.products.web.rest.DistributorResourceIT.createDistributor(DistributorResourceIT.java:100)
]]></failure>
    <system-out><![CDATA[2021-11-03 01:06:23.142  WARN 6250 --- [           main] o.z.problem.spring.common.AdviceTraits   : Bad Request: Validation failed for argument [0] in public org.springframework.http.ResponseEntity<ar.edu.um.products.service.dto.DistributorDTO> ar.edu.um.products.web.rest.DistributorResource.createDistributor(ar.edu.um.products.service.dto.DistributorDTO) throws java.net.URISyntaxException: [Field error in object 'distributorDTO' on field 'isEnabled': rejected value [null]; codes [NotNull.distributorDTO.isEnabled,NotNull.isEnabled,NotNull.java.lang.Boolean,NotNull]; arguments [org.springframework.context.support.DefaultMessageSourceResolvable: codes [distributorDTO.isEnabled,isEnabled]; arguments []; default message [isEnabled]]; default message [isEnabled must be a valid boolean]] 

MockHttpServletRequest:
      HTTP Method = POST
      Request URI = /api/distributors
       Parameters = {}
          Headers = [Content-Type:"application/json;charset=UTF-8", Content-Length:"48"]
             Body = {"name":"AAAAAAAAAA","description":"AAAAAAAAAA"}
    Session Attrs = {}

Handler:
             Type = ar.edu.um.products.web.rest.DistributorResource
           Method = ar.edu.um.products.web.rest.DistributorResource#createDistributor(DistributorDTO)

Async:
    Async started = false
     Async result = null

Resolved Exception:
             Type = org.springframework.web.bind.MethodArgumentNotValidException

ModelAndView:
        View name = null
             View = null
            Model = null

FlashMap:
       Attributes = null

MockHttpServletResponse:
           Status = 400
    Error message = null
          Headers = [Vary:"Origin", "Access-Control-Request-Method", "Access-Control-Request-Headers", Content-Type:"application/problem+json", X-Content-Type-Options:"nosniff", X-XSS-Protection:"1; mode=block", Cache-Control:"no-cache, no-store, max-age=0, must-revalidate", Pragma:"no-cache", Expires:"0", X-Frame-Options:"DENY", Content-Security-Policy:"default-src 'self'; frame-src 'self' data:; script-src 'self' 'unsafe-inline' 'unsafe-eval' https://storage.googleapis.com; style-src 'self' 'unsafe-inline'; img-src 'self' data:; font-src 'self' data:", Referrer-Policy:"strict-origin-when-cross-origin", Permissions-Policy:"camera=(), fullscreen=(self), geolocation=(), gyroscope=(), magnetometer=(), microphone=(), midi=(), payment=(), sync-xhr=()"]
     Content type = application/problem+json
             Body = {"type":"https://www.jhipster.tech/problem/constraint-violation","title":"Method argument not valid","status":400,"path":"/api/distributors","message":"error.validation","fieldErrors":[{"objectName":"distributor","field":"isEnabled","message":"isEnabled must be a valid boolean"}]}
    Forwarded URL = null
   Redirected URL = null
          Cookies = []
]]></system-out>
  </testcase>
  <testcase name="checkIsEnabledIsRequired" classname="ar.edu.um.products.web.rest.DistributorResourceIT" time="0.007">
    <system-out><![CDATA[2021-11-03 01:06:23.152  WARN 6250 --- [           main] o.z.problem.spring.common.AdviceTraits   : Bad Request: Validation failed for argument [0] in public org.springframework.http.ResponseEntity<ar.edu.um.products.service.dto.DistributorDTO> ar.edu.um.products.web.rest.DistributorResource.createDistributor(ar.edu.um.products.service.dto.DistributorDTO) throws java.net.URISyntaxException: [Field error in object 'distributorDTO' on field 'isEnabled': rejected value [null]; codes [NotNull.distributorDTO.isEnabled,NotNull.isEnabled,NotNull.java.lang.Boolean,NotNull]; arguments [org.springframework.context.support.DefaultMessageSourceResolvable: codes [distributorDTO.isEnabled,isEnabled]; arguments []; default message [isEnabled]]; default message [isEnabled must be a valid boolean]] 
]]></system-out>
  </testcase>
</testsuite>